<?xml version="1.0" encoding="UTF-8"?>
<!-- Generated by org.testng.reporters.JUnitReportReporter -->
<testsuite hostname="DESKTOP-Q8QMA40" failures="0" tests="1" name="TestCases.com_testcase_verifyframe" time="23.250" errors="0" timestamp="2025-03-22T07:25:50 IST" skipped="0">
  <testcase classname="TestCases.com_testcase_verifyframe" name="handleframe" time="23.250"/>
</testsuite> <!-- TestCases.com_testcase_verifyframe -->
