<?xml version="1.0" encoding="UTF-8"?>
<!-- Generated by org.testng.reporters.JUnitReportReporter -->
<testsuite hostname="DESKTOP-Q8QMA40" failures="0" tests="1" name="TestCases.com_testcase_wait" time="6.486" errors="0" timestamp="2025-03-23T08:30:19 IST" skipped="0">
  <testcase classname="TestCases.com_testcase_wait" name="enterContactInformation" time="6.486"/>
</testsuite> <!-- TestCases.com_testcase_wait -->
