<?xml version="1.0" encoding="UTF-8"?>
<!-- Generated by org.testng.reporters.JUnitReportReporter -->
<testsuite hostname="DESKTOP-Q8QMA40" failures="0" tests="2" name="TestCases.com_testcase_registerpage" time="3.422" errors="0" timestamp="2025-03-08T08:46:12 IST" skipped="0">
  <testcase classname="TestCases.com_testcase_registerpage" name="enterContactInformation" time="3.111"/>
  <testcase classname="TestCases.com_testcase_registerpage" name="enterMailingInformation" time="0.311"/>
</testsuite> <!-- TestCases.com_testcase_registerpage -->
