<?xml version="1.0" encoding="UTF-8"?>
<!-- Generated by org.testng.reporters.JUnitReportReporter -->
<testsuite hostname="DESKTOP-Q8QMA40" failures="0" tests="2" name="TestCases.com_testcase_registerpage" time="6.806" errors="0" timestamp="2025-03-23T07:56:14 IST" skipped="0">
  <testcase classname="TestCases.com_testcase_registerpage" name="enterContactInformation" time="2.744"/>
  <testcase classname="TestCases.com_testcase_registerpage" name="enterMailingInformation" time="4.062"/>
</testsuite> <!-- TestCases.com_testcase_registerpage -->
