<?xml version="1.0" encoding="UTF-8"?>
<!-- Generated by org.testng.reporters.JUnitReportReporter -->
<testsuite hostname="DESKTOP-Q8QMA40" failures="0" tests="1" name="TestCases.com_testcase_switchgToWindow" time="19.226" errors="0" timestamp="2025-04-19T08:56:51 IST" skipped="0">
  <testcase classname="TestCases.com_testcase_switchgToWindow" name="navigateToNewWindow" time="19.226"/>
</testsuite> <!-- TestCases.com_testcase_switchgToWindow -->
