<?xml version="1.0" encoding="UTF-8"?>
<!-- Generated by org.testng.reporters.JUnitReportReporter -->
<testsuite hostname="DESKTOP-Q8QMA40" failures="0" tests="1" name="TestCases.com_testcase_download_upload" time="1.173" errors="0" timestamp="2025-04-20T08:26:39 IST" skipped="0">
  <testcase classname="TestCases.com_testcase_download_upload" name="enterContactInformation" time="1.173"/>
</testsuite> <!-- TestCases.com_testcase_download_upload -->
