<?xml version="1.0" encoding="UTF-8"?>
<!-- Generated by org.testng.reporters.JUnitReportReporter -->
<testsuite hostname="DESKTOP-Q8QMA40" failures="0" tests="1" name="TestCases.com_testcase_switchgToWindow" time="8.658" errors="0" timestamp="2025-03-29T08:13:22 IST" skipped="0">
  <testcase classname="TestCases.com_testcase_switchgToWindow" name="navigateToNewWindow" time="8.658"/>
</testsuite> <!-- TestCases.com_testcase_switchgToWindow -->
