<?xml version="1.0" encoding="UTF-8"?>
<!-- Generated by org.testng.reporters.JUnitReportReporter -->
<testsuite hostname="DESKTOP-Q8QMA40" failures="0" tests="2" name="TestCases.com_testcase_verifyAlert" time="4.098" errors="0" timestamp="2025-03-15T08:18:16 IST" skipped="0">
  <testcase classname="TestCases.com_testcase_verifyAlert" name="handleAert" time="3.079"/>
  <testcase classname="TestCases.com_testcase_verifyAlert" name="enterMessageInalert" time="1.019"/>
</testsuite> <!-- TestCases.com_testcase_verifyAlert -->
