<?xml version="1.0" encoding="UTF-8"?>
<!-- Generated by org.testng.reporters.JUnitReportReporter -->
<testsuite hostname="DESKTOP-Q8QMA40" failures="0" tests="1" name="TestCases.com_testcase_registerpage" time="0.386" errors="0" timestamp="2025-03-01T07:36:51 IST" skipped="0">
  <testcase classname="TestCases.com_testcase_registerpage" name="enterContactInformation" time="0.386"/>
</testsuite> <!-- TestCases.com_testcase_registerpage -->
