<?xml version="1.0" encoding="UTF-8"?>
<!-- Generated by org.testng.reporters.JUnitReportReporter -->
<testsuite hostname="DESKTOP-Q8QMA40" failures="0" tests="1" name="TestCases.com_testcase_download_upload" time="1.022" errors="0" timestamp="2025-03-22T17:01:32 IST" skipped="0">
  <testcase classname="TestCases.com_testcase_download_upload" name="enterContactInformation" time="1.022"/>
</testsuite> <!-- TestCases.com_testcase_download_upload -->
