<?xml version="1.0" encoding="UTF-8"?>
<!-- Generated by org.testng.reporters.JUnitReportReporter -->
<testsuite hostname="DESKTOP-Q8QMA40" failures="0" tests="1" name="TestCases.com_testcase_mousehover" time="0.511" errors="0" timestamp="2025-03-23T07:28:29 IST" skipped="0">
  <testcase classname="TestCases.com_testcase_mousehover" name="enterContactInformation" time="0.511"/>
</testsuite> <!-- TestCases.com_testcase_mousehover -->
