<?xml version="1.0" encoding="UTF-8"?>
<!-- Generated by org.testng.reporters.JUnitReportReporter -->
<testsuite hostname="DESKTOP-Q8QMA40" failures="0" tests="2" name="TestCases.com_testcase_registerpage" time="7.113" errors="0" timestamp="2025-03-09T17:14:14 IST" skipped="0">
  <testcase classname="TestCases.com_testcase_registerpage" name="enterContactInformation" time="3.862"/>
  <testcase classname="TestCases.com_testcase_registerpage" name="enterMailingInformation" time="3.251"/>
</testsuite> <!-- TestCases.com_testcase_registerpage -->
